This file contains any messages produced by compilers while
running configure, to aid debugging if configure makes a mistake.

It was created by dataTransRate configure 1.0, which was
generated by GNU Autoconf 2.69.  Invocation command line was

  $ ./configure CC=/home/floyd.zweydinger/Downloads/./llvm_build/bin/clang CUDAINC=/opt/cuda/targets/x86_64-linux/include --includedir=/opt/cuda/targets/x86_64-linux/

## --------- ##
## Platform. ##
## --------- ##

hostname = serverCUDA
uname -m = x86_64
uname -r = 5.8.14-arch1-1
uname -s = Linux
uname -v = #1 SMP PREEMPT Wed, 07 Oct 2020 23:59:46 +0000

/usr/bin/uname -p = unknown
/bin/uname -X     = unknown

/bin/arch              = unknown
/usr/bin/arch -k       = unknown
/usr/convex/getsysinfo = unknown
/usr/bin/hostinfo      = unknown
/bin/machine           = unknown
/usr/bin/oslevel       = unknown
/bin/universe          = unknown

PATH: /usr/local/sbin
PATH: /usr/local/bin
PATH: /usr/bin
PATH: /opt/cuda/bin
PATH: /usr/bin/site_perl
PATH: /usr/bin/vendor_perl
PATH: /usr/bin/core_perl


## ----------- ##
## Core tests. ##
## ----------- ##

configure:2141: checking for a BSD-compatible install
configure:2209: result: /usr/bin/install -c
configure:2220: checking whether build environment is sane
configure:2275: result: yes
configure:2426: checking for a thread-safe mkdir -p
configure:2465: result: /usr/bin/mkdir -p
configure:2472: checking for gawk
configure:2488: found /usr/bin/gawk
configure:2499: result: gawk
configure:2510: checking whether make sets $(MAKE)
configure:2532: result: yes
configure:2561: checking whether make supports nested variables
configure:2578: result: yes
configure:2836: checking for C compiler version
configure:2845: /home/floyd.zweydinger/Downloads/./llvm_build/bin/clang --version >&5
clang version 11.0.1 (https://github.com/llvm/llvm-project.git 43ff75f2c3feef64f9d73328230d34dac8832a91)
Target: x86_64-unknown-linux-gnu
Thread model: posix
InstalledDir: /home/floyd.zweydinger/Downloads/./llvm_build/bin
configure:2856: $? = 0
configure:2845: /home/floyd.zweydinger/Downloads/./llvm_build/bin/clang -v >&5
clang version 11.0.1 (https://github.com/llvm/llvm-project.git 43ff75f2c3feef64f9d73328230d34dac8832a91)
Target: x86_64-unknown-linux-gnu
Thread model: posix
InstalledDir: /home/floyd.zweydinger/Downloads/./llvm_build/bin
Found candidate GCC installation: /usr/lib/gcc/x86_64-pc-linux-gnu/10.2.0
Found candidate GCC installation: /usr/lib/gcc/x86_64-pc-linux-gnu/8.4.0
Found candidate GCC installation: /usr/lib/gcc/x86_64-pc-linux-gnu/9.3.0
Found candidate GCC installation: /usr/lib64/gcc/x86_64-pc-linux-gnu/10.2.0
Found candidate GCC installation: /usr/lib64/gcc/x86_64-pc-linux-gnu/8.4.0
Found candidate GCC installation: /usr/lib64/gcc/x86_64-pc-linux-gnu/9.3.0
... rest of stderr output deleted ...
configure:2856: $? = 0
configure:2845: /home/floyd.zweydinger/Downloads/./llvm_build/bin/clang -V >&5
clang-11: error: argument to '-V' is missing (expected 1 value)
clang-11: error: no input files
configure:2856: $? = 1
configure:2845: /home/floyd.zweydinger/Downloads/./llvm_build/bin/clang -qversion >&5
clang-11: error: unknown argument '-qversion'; did you mean '--version'?
clang-11: error: no input files
configure:2856: $? = 1
configure:2876: checking whether the C compiler works
configure:2898: /home/floyd.zweydinger/Downloads/./llvm_build/bin/clang    conftest.c  >&5
configure:2902: $? = 0
configure:2950: result: yes
configure:2953: checking for C compiler default output file name
configure:2955: result: a.out
configure:2961: checking for suffix of executables
configure:2968: /home/floyd.zweydinger/Downloads/./llvm_build/bin/clang -o conftest    conftest.c  >&5
configure:2972: $? = 0
configure:2994: result: 
configure:3016: checking whether we are cross compiling
configure:3024: /home/floyd.zweydinger/Downloads/./llvm_build/bin/clang -o conftest    conftest.c  >&5
configure:3028: $? = 0
configure:3035: ./conftest
configure:3039: $? = 0
configure:3054: result: no
configure:3059: checking for suffix of object files
configure:3081: /home/floyd.zweydinger/Downloads/./llvm_build/bin/clang -c   conftest.c >&5
configure:3085: $? = 0
configure:3106: result: o
configure:3110: checking whether we are using the GNU C compiler
configure:3129: /home/floyd.zweydinger/Downloads/./llvm_build/bin/clang -c   conftest.c >&5
configure:3129: $? = 0
configure:3138: result: yes
configure:3147: checking whether /home/floyd.zweydinger/Downloads/./llvm_build/bin/clang accepts -g
configure:3167: /home/floyd.zweydinger/Downloads/./llvm_build/bin/clang -c -g  conftest.c >&5
configure:3167: $? = 0
configure:3208: result: yes
configure:3225: checking for /home/floyd.zweydinger/Downloads/./llvm_build/bin/clang option to accept ISO C89
configure:3288: /home/floyd.zweydinger/Downloads/./llvm_build/bin/clang  -c -g -O2  conftest.c >&5
configure:3288: $? = 0
configure:3301: result: none needed
configure:3326: checking whether /home/floyd.zweydinger/Downloads/./llvm_build/bin/clang understands -c and -o together
configure:3348: /home/floyd.zweydinger/Downloads/./llvm_build/bin/clang -c conftest.c -o conftest2.o
configure:3351: $? = 0
configure:3348: /home/floyd.zweydinger/Downloads/./llvm_build/bin/clang -c conftest.c -o conftest2.o
configure:3351: $? = 0
configure:3363: result: yes
configure:3383: checking whether make supports the include directive
configure:3398: make -f confmf.GNU && cat confinc.out
this is the am__doit target
configure:3401: $? = 0
configure:3420: result: yes (GNU style)
configure:3445: checking dependency style of /home/floyd.zweydinger/Downloads/./llvm_build/bin/clang
configure:3556: result: gcc3
configure:3628: checking for ranlib
configure:3644: found /usr/bin/ranlib
configure:3655: result: ranlib
configure:3727: checking for ar
configure:3743: found /usr/bin/ar
configure:3754: result: ar
configure:3780: checking the archiver (ar) interface
configure:3796: /home/floyd.zweydinger/Downloads/./llvm_build/bin/clang -c -g -O2  conftest.c >&5
configure:3796: $? = 0
configure:3798: ar cru libconftest.a conftest.o >&5
ar: `u' modifier ignored since `D' is the default (see `U')
configure:3801: $? = 0
configure:3829: result: ar
configure:3859: checking how to run the C preprocessor
configure:3890: /home/floyd.zweydinger/Downloads/./llvm_build/bin/clang -E  conftest.c
configure:3890: $? = 0
configure:3904: /home/floyd.zweydinger/Downloads/./llvm_build/bin/clang -E  conftest.c
conftest.c:11:10: fatal error: 'ac_nonexistent.h' file not found
#include <ac_nonexistent.h>
         ^~~~~~~~~~~~~~~~~~
1 error generated.
configure:3904: $? = 1
configure: failed program was:
| /* confdefs.h */
| #define PACKAGE_NAME "dataTransRate"
| #define PACKAGE_TARNAME "datatransrate"
| #define PACKAGE_VERSION "1.0"
| #define PACKAGE_STRING "dataTransRate 1.0"
| #define PACKAGE_BUGREPORT "xinwu@mail.uni-paderborn.de"
| #define PACKAGE_URL ""
| #define PACKAGE "datatransrate"
| #define VERSION "1.0"
| /* end confdefs.h.  */
| #include <ac_nonexistent.h>
configure:3929: result: /home/floyd.zweydinger/Downloads/./llvm_build/bin/clang -E
configure:3949: /home/floyd.zweydinger/Downloads/./llvm_build/bin/clang -E  conftest.c
configure:3949: $? = 0
configure:3963: /home/floyd.zweydinger/Downloads/./llvm_build/bin/clang -E  conftest.c
conftest.c:11:10: fatal error: 'ac_nonexistent.h' file not found
#include <ac_nonexistent.h>
         ^~~~~~~~~~~~~~~~~~
1 error generated.
configure:3963: $? = 1
configure: failed program was:
| /* confdefs.h */
| #define PACKAGE_NAME "dataTransRate"
| #define PACKAGE_TARNAME "datatransrate"
| #define PACKAGE_VERSION "1.0"
| #define PACKAGE_STRING "dataTransRate 1.0"
| #define PACKAGE_BUGREPORT "xinwu@mail.uni-paderborn.de"
| #define PACKAGE_URL ""
| #define PACKAGE "datatransrate"
| #define VERSION "1.0"
| /* end confdefs.h.  */
| #include <ac_nonexistent.h>
configure:3992: checking for grep that handles long lines and -e
configure:4050: result: /usr/bin/grep
configure:4055: checking for egrep
configure:4117: result: /usr/bin/grep -E
configure:4122: checking for ANSI C header files
configure:4142: /home/floyd.zweydinger/Downloads/./llvm_build/bin/clang -c -g -O2  conftest.c >&5
configure:4142: $? = 0
configure:4215: /home/floyd.zweydinger/Downloads/./llvm_build/bin/clang -o conftest -g -O2   conftest.c  >&5
configure:4215: $? = 0
configure:4215: ./conftest
configure:4215: $? = 0
configure:4226: result: yes
configure:4239: checking for sys/types.h
configure:4239: /home/floyd.zweydinger/Downloads/./llvm_build/bin/clang -c -g -O2  conftest.c >&5
configure:4239: $? = 0
configure:4239: result: yes
configure:4239: checking for sys/stat.h
configure:4239: /home/floyd.zweydinger/Downloads/./llvm_build/bin/clang -c -g -O2  conftest.c >&5
configure:4239: $? = 0
configure:4239: result: yes
configure:4239: checking for stdlib.h
configure:4239: /home/floyd.zweydinger/Downloads/./llvm_build/bin/clang -c -g -O2  conftest.c >&5
configure:4239: $? = 0
configure:4239: result: yes
configure:4239: checking for string.h
configure:4239: /home/floyd.zweydinger/Downloads/./llvm_build/bin/clang -c -g -O2  conftest.c >&5
configure:4239: $? = 0
configure:4239: result: yes
configure:4239: checking for memory.h
configure:4239: /home/floyd.zweydinger/Downloads/./llvm_build/bin/clang -c -g -O2  conftest.c >&5
configure:4239: $? = 0
configure:4239: result: yes
configure:4239: checking for strings.h
configure:4239: /home/floyd.zweydinger/Downloads/./llvm_build/bin/clang -c -g -O2  conftest.c >&5
configure:4239: $? = 0
configure:4239: result: yes
configure:4239: checking for inttypes.h
configure:4239: /home/floyd.zweydinger/Downloads/./llvm_build/bin/clang -c -g -O2  conftest.c >&5
configure:4239: $? = 0
configure:4239: result: yes
configure:4239: checking for stdint.h
configure:4239: /home/floyd.zweydinger/Downloads/./llvm_build/bin/clang -c -g -O2  conftest.c >&5
configure:4239: $? = 0
configure:4239: result: yes
configure:4239: checking for unistd.h
configure:4239: /home/floyd.zweydinger/Downloads/./llvm_build/bin/clang -c -g -O2  conftest.c >&5
configure:4239: $? = 0
configure:4239: result: yes
configure:4251: checking cuda_runtime.h usability
configure:4251: /home/floyd.zweydinger/Downloads/./llvm_build/bin/clang -c -g -O2  conftest.c >&5
conftest.c:54:10: fatal error: 'cuda_runtime.h' file not found
#include <cuda_runtime.h>
         ^~~~~~~~~~~~~~~~
1 error generated.
configure:4251: $? = 1
configure: failed program was:
| /* confdefs.h */
| #define PACKAGE_NAME "dataTransRate"
| #define PACKAGE_TARNAME "datatransrate"
| #define PACKAGE_VERSION "1.0"
| #define PACKAGE_STRING "dataTransRate 1.0"
| #define PACKAGE_BUGREPORT "xinwu@mail.uni-paderborn.de"
| #define PACKAGE_URL ""
| #define PACKAGE "datatransrate"
| #define VERSION "1.0"
| #define STDC_HEADERS 1
| #define HAVE_SYS_TYPES_H 1
| #define HAVE_SYS_STAT_H 1
| #define HAVE_STDLIB_H 1
| #define HAVE_STRING_H 1
| #define HAVE_MEMORY_H 1
| #define HAVE_STRINGS_H 1
| #define HAVE_INTTYPES_H 1
| #define HAVE_STDINT_H 1
| #define HAVE_UNISTD_H 1
| /* end confdefs.h.  */
| #include <stdio.h>
| #ifdef HAVE_SYS_TYPES_H
| # include <sys/types.h>
| #endif
| #ifdef HAVE_SYS_STAT_H
| # include <sys/stat.h>
| #endif
| #ifdef STDC_HEADERS
| # include <stdlib.h>
| # include <stddef.h>
| #else
| # ifdef HAVE_STDLIB_H
| #  include <stdlib.h>
| # endif
| #endif
| #ifdef HAVE_STRING_H
| # if !defined STDC_HEADERS && defined HAVE_MEMORY_H
| #  include <memory.h>
| # endif
| # include <string.h>
| #endif
| #ifdef HAVE_STRINGS_H
| # include <strings.h>
| #endif
| #ifdef HAVE_INTTYPES_H
| # include <inttypes.h>
| #endif
| #ifdef HAVE_STDINT_H
| # include <stdint.h>
| #endif
| #ifdef HAVE_UNISTD_H
| # include <unistd.h>
| #endif
| #include <cuda_runtime.h>
configure:4251: result: no
configure:4251: checking cuda_runtime.h presence
configure:4251: /home/floyd.zweydinger/Downloads/./llvm_build/bin/clang -E  conftest.c
conftest.c:21:10: fatal error: 'cuda_runtime.h' file not found
#include <cuda_runtime.h>
         ^~~~~~~~~~~~~~~~
1 error generated.
configure:4251: $? = 1
configure: failed program was:
| /* confdefs.h */
| #define PACKAGE_NAME "dataTransRate"
| #define PACKAGE_TARNAME "datatransrate"
| #define PACKAGE_VERSION "1.0"
| #define PACKAGE_STRING "dataTransRate 1.0"
| #define PACKAGE_BUGREPORT "xinwu@mail.uni-paderborn.de"
| #define PACKAGE_URL ""
| #define PACKAGE "datatransrate"
| #define VERSION "1.0"
| #define STDC_HEADERS 1
| #define HAVE_SYS_TYPES_H 1
| #define HAVE_SYS_STAT_H 1
| #define HAVE_STDLIB_H 1
| #define HAVE_STRING_H 1
| #define HAVE_MEMORY_H 1
| #define HAVE_STRINGS_H 1
| #define HAVE_INTTYPES_H 1
| #define HAVE_STDINT_H 1
| #define HAVE_UNISTD_H 1
| /* end confdefs.h.  */
| #include <cuda_runtime.h>
configure:4251: result: no
configure:4251: checking for cuda_runtime.h
configure:4251: result: no
configure:4255: error: cuda_runtime.h required, but not found

## ---------------- ##
## Cache variables. ##
## ---------------- ##

ac_cv_c_compiler_gnu=yes
ac_cv_env_CCSALLOC_set=
ac_cv_env_CCSALLOC_value=
ac_cv_env_CC_set=set
ac_cv_env_CC_value=/home/floyd.zweydinger/Downloads/./llvm_build/bin/clang
ac_cv_env_CFLAGS_set=
ac_cv_env_CFLAGS_value=
ac_cv_env_CPPFLAGS_set=
ac_cv_env_CPPFLAGS_value=
ac_cv_env_CPP_set=
ac_cv_env_CPP_value=
ac_cv_env_CUDAINC_set=set
ac_cv_env_CUDAINC_value=/opt/cuda/targets/x86_64-linux/include
ac_cv_env_CUDALIB_set=
ac_cv_env_CUDALIB_value=
ac_cv_env_DOXYGEN_set=
ac_cv_env_DOXYGEN_value=
ac_cv_env_LDFLAGS_set=
ac_cv_env_LDFLAGS_value=
ac_cv_env_LIBS_set=
ac_cv_env_LIBS_value=
ac_cv_env_build_alias_set=
ac_cv_env_build_alias_value=
ac_cv_env_host_alias_set=
ac_cv_env_host_alias_value=
ac_cv_env_target_alias_set=
ac_cv_env_target_alias_value=
ac_cv_header_cuda_runtime_h=no
ac_cv_header_inttypes_h=yes
ac_cv_header_memory_h=yes
ac_cv_header_stdc=yes
ac_cv_header_stdint_h=yes
ac_cv_header_stdlib_h=yes
ac_cv_header_string_h=yes
ac_cv_header_strings_h=yes
ac_cv_header_sys_stat_h=yes
ac_cv_header_sys_types_h=yes
ac_cv_header_unistd_h=yes
ac_cv_objext=o
ac_cv_path_EGREP='/usr/bin/grep -E'
ac_cv_path_GREP=/usr/bin/grep
ac_cv_path_install='/usr/bin/install -c'
ac_cv_path_mkdir=/usr/bin/mkdir
ac_cv_prog_AWK=gawk
ac_cv_prog_CPP='/home/floyd.zweydinger/Downloads/./llvm_build/bin/clang -E'
ac_cv_prog_ac_ct_AR=ar
ac_cv_prog_ac_ct_RANLIB=ranlib
ac_cv_prog_cc_c89=
ac_cv_prog_cc_g=yes
ac_cv_prog_make_make_set=yes
am_cv_CC_dependencies_compiler_type=gcc3
am_cv_ar_interface=ar
am_cv_make_support_nested_variables=yes
am_cv_prog_cc_c_o=yes

## ----------------- ##
## Output variables. ##
## ----------------- ##

ACLOCAL='${SHELL} /home/floyd.zweydinger/Downloads/OMP-Offloading/02_dataTransRate/build-aux/missing aclocal-1.16'
AMDEPBACKSLASH='\'
AMDEP_FALSE='#'
AMDEP_TRUE=''
AMTAR='$${TAR-tar}'
AM_BACKSLASH='\'
AM_DEFAULT_V='$(AM_DEFAULT_VERBOSITY)'
AM_DEFAULT_VERBOSITY='1'
AM_V='$(V)'
AR='ar'
AUTOCONF='${SHELL} /home/floyd.zweydinger/Downloads/OMP-Offloading/02_dataTransRate/build-aux/missing autoconf'
AUTOHEADER='${SHELL} /home/floyd.zweydinger/Downloads/OMP-Offloading/02_dataTransRate/build-aux/missing autoheader'
AUTOMAKE='${SHELL} /home/floyd.zweydinger/Downloads/OMP-Offloading/02_dataTransRate/build-aux/missing automake-1.16'
AWK='gawk'
CC='/home/floyd.zweydinger/Downloads/./llvm_build/bin/clang'
CCDEPMODE='depmode=gcc3'
CCSALLOC=''
CFLAGS='-g -O2'
CPP='/home/floyd.zweydinger/Downloads/./llvm_build/bin/clang -E'
CPPFLAGS=''
CUDAINC='/opt/cuda/targets/x86_64-linux/include'
CUDALIB='/lib64'
CYGPATH_W='echo'
DEFS=''
DEPDIR='.deps'
DOXYGEN=''
ECHO_C=''
ECHO_N='-n'
ECHO_T=''
EGREP='/usr/bin/grep -E'
EXEEXT=''
GREP='/usr/bin/grep'
HAVE_CCSALLOC_FALSE=''
HAVE_CCSALLOC_TRUE=''
HAVE_DOXYGEN_FALSE=''
HAVE_DOXYGEN_TRUE=''
INSTALL_DATA='${INSTALL} -m 644'
INSTALL_PROGRAM='${INSTALL}'
INSTALL_SCRIPT='${INSTALL}'
INSTALL_STRIP_PROGRAM='$(install_sh) -c -s'
LDFLAGS=''
LIBOBJS=''
LIBS=''
LTLIBOBJS=''
MAKEINFO='${SHELL} /home/floyd.zweydinger/Downloads/OMP-Offloading/02_dataTransRate/build-aux/missing makeinfo'
MKDIR_P='/usr/bin/mkdir -p'
OBJEXT='o'
PACKAGE='datatransrate'
PACKAGE_BUGREPORT='xinwu@mail.uni-paderborn.de'
PACKAGE_NAME='dataTransRate'
PACKAGE_STRING='dataTransRate 1.0'
PACKAGE_TARNAME='datatransrate'
PACKAGE_URL=''
PACKAGE_VERSION='1.0'
PATH_SEPARATOR=':'
RANLIB='ranlib'
SET_MAKE=''
SHELL='/bin/sh'
STRIP=''
VERSION='1.0'
ac_ct_AR='ar'
ac_ct_CC=''
am__EXEEXT_FALSE=''
am__EXEEXT_TRUE=''
am__fastdepCC_FALSE='#'
am__fastdepCC_TRUE=''
am__include='include'
am__isrc=''
am__leading_dot='.'
am__nodep='_no'
am__quote=''
am__tar='$${TAR-tar} chof - "$$tardir"'
am__untar='$${TAR-tar} xf -'
bindir='${exec_prefix}/bin'
build_alias=''
datadir='${datarootdir}'
datarootdir='${prefix}/share'
docdir='${datarootdir}/doc/${PACKAGE_TARNAME}'
dvidir='${docdir}'
exec_prefix='NONE'
host_alias=''
htmldir='${docdir}'
includedir='/opt/cuda/targets/x86_64-linux'
infodir='${datarootdir}/info'
install_sh='${SHELL} /home/floyd.zweydinger/Downloads/OMP-Offloading/02_dataTransRate/build-aux/install-sh'
libdir='${exec_prefix}/lib'
libexecdir='${exec_prefix}/libexec'
localedir='${datarootdir}/locale'
localstatedir='${prefix}/var'
mandir='${datarootdir}/man'
mkdir_p='$(MKDIR_P)'
oldincludedir='/usr/include'
pdfdir='${docdir}'
prefix='NONE'
program_transform_name='s,x,x,'
psdir='${docdir}'
sbindir='${exec_prefix}/sbin'
sharedstatedir='${prefix}/com'
sysconfdir='${prefix}/etc'
target_alias=''

## ----------- ##
## confdefs.h. ##
## ----------- ##

/* confdefs.h */
#define PACKAGE_NAME "dataTransRate"
#define PACKAGE_TARNAME "datatransrate"
#define PACKAGE_VERSION "1.0"
#define PACKAGE_STRING "dataTransRate 1.0"
#define PACKAGE_BUGREPORT "xinwu@mail.uni-paderborn.de"
#define PACKAGE_URL ""
#define PACKAGE "datatransrate"
#define VERSION "1.0"
#define STDC_HEADERS 1
#define HAVE_SYS_TYPES_H 1
#define HAVE_SYS_STAT_H 1
#define HAVE_STDLIB_H 1
#define HAVE_STRING_H 1
#define HAVE_MEMORY_H 1
#define HAVE_STRINGS_H 1
#define HAVE_INTTYPES_H 1
#define HAVE_STDINT_H 1
#define HAVE_UNISTD_H 1

configure: exit 1
